<?xml version="1.0" encoding="UTF-8"?>
<!-- Generated by org.testng.reporters.JUnitXMLReporter -->
<testsuite ignored="2" hostname="Jagadeesh" failures="0" tests="2" name="TestQA" time="25.703" errors="0" timestamp="2022-12-22T07:51:01 IST">
  <testcase classname="scripts.ValidLogin" name="testValidLogin" time="4.834"/>
  <testcase classname="scripts.InvalidLogin" name="testInvalidLogin" time="1.764"/>
  <testcase classname="generic.BaseTest" name="@AfterSuite publishReport" time="0.0">
    <ignored/>
  </testcase> <!-- @AfterSuite publishReport -->
  <testcase classname="generic.BaseTest" name="@BeforeSuite createReport" time="0.0">
    <ignored/>
  </testcase> <!-- @BeforeSuite createReport -->
</testsuite> <!-- TestQA -->
